TN:
SF:/home/richard/Documents/typescript-node-rest-starter/src/app.ts
FN:26,(anonymous_0)
FN:27,(anonymous_1)
FN:52,fromHeader
FN:60,(anonymous_3)
FN:75,(anonymous_4)
FNF:5
FNH:3
FNDA:1,(anonymous_0)
FNDA:0,(anonymous_1)
FNDA:2,fromHeader
FNDA:1,(anonymous_3)
FNDA:0,(anonymous_4)
DA:2,1
DA:3,1
DA:4,1
DA:5,1
DA:6,1
DA:7,1
DA:8,1
DA:9,1
DA:10,1
DA:11,1
DA:12,1
DA:13,1
DA:14,1
DA:15,1
DA:16,1
DA:17,1
DA:18,1
DA:20,1
DA:22,1
DA:24,1
DA:25,1
DA:26,1
DA:28,0
DA:32,1
DA:33,1
DA:34,1
DA:35,1
DA:36,1
DA:37,1
DA:38,1
DA:47,1
DA:48,1
DA:49,1
DA:53,2
DA:54,2
DA:55,1
DA:60,1
DA:61,1
DA:62,1
DA:68,1
DA:69,1
DA:73,1
DA:74,1
DA:75,1
DA:76,0
DA:80,1
LF:46
LH:44
BRDA:20,0,0,1
BRDA:20,0,1,0
BRDA:32,1,0,1
BRDA:32,1,1,1
BRDA:53,2,0,2
BRDA:53,2,1,2
BRDA:54,3,0,1
BRDA:54,3,1,1
BRDA:54,4,0,2
BRDA:54,4,1,1
BRDA:61,5,0,1
BRDA:61,5,1,0
BRF:12
BRH:10
end_of_record
TN:
SF:/home/richard/Documents/typescript-node-rest-starter/src/routes.ts
FNF:0
FNH:0
DA:2,1
DA:3,1
DA:4,1
DA:5,1
DA:6,1
DA:7,1
DA:8,1
DA:9,1
DA:10,1
DA:11,1
DA:12,1
DA:13,1
DA:14,1
DA:15,1
LF:14
LH:14
BRF:0
BRH:0
end_of_record
TN:
SF:/home/richard/Documents/typescript-node-rest-starter/src/controllers/auth.ctrl.ts
FN:2,(anonymous_0)
FN:3,(anonymous_1)
FN:4,fulfilled
FN:5,rejected
FN:6,step
FN:6,(anonymous_5)
FN:17,(anonymous_6)
FN:18,(anonymous_7)
FN:61,(anonymous_8)
FN:62,(anonymous_9)
FN:126,(anonymous_10)
FN:127,(anonymous_11)
FNF:12
FNH:11
FNDA:8,(anonymous_0)
FNDA:8,(anonymous_1)
FNDA:10,fulfilled
FNDA:0,rejected
FNDA:18,step
FNDA:10,(anonymous_5)
FNDA:4,(anonymous_6)
FNDA:4,(anonymous_7)
FNDA:2,(anonymous_8)
FNDA:2,(anonymous_9)
FNDA:2,(anonymous_10)
FNDA:2,(anonymous_11)
DA:2,1
DA:3,8
DA:4,10
DA:5,0
DA:6,18
DA:7,8
DA:10,1
DA:11,1
DA:12,1
DA:13,1
DA:14,1
DA:15,1
DA:18,4
DA:19,4
DA:20,4
DA:21,4
DA:22,4
DA:23,4
DA:24,2
DA:29,2
DA:30,2
DA:31,2
DA:32,1
DA:37,1
DA:38,1
DA:39,1
DA:44,1
DA:47,0
DA:54,0
DA:62,2
DA:63,2
DA:64,2
DA:65,2
DA:66,2
DA:67,2
DA:68,2
DA:69,2
DA:70,2
DA:71,2
DA:72,0
DA:77,2
DA:78,2
DA:80,2
DA:81,2
DA:82,1
DA:88,1
DA:89,1
DA:90,1
DA:91,1
DA:93,1
DA:104,1
DA:113,1
DA:114,1
DA:115,1
DA:118,0
DA:119,0
DA:127,2
DA:128,2
DA:129,2
DA:130,2
DA:135,1
DA:138,1
DA:139,1
DA:147,1
LF:64
LH:58
BRDA:2,0,0,1
BRDA:2,0,1,1
BRDA:2,0,2,1
BRDA:3,1,0,8
BRDA:3,1,1,8
BRDA:6,2,0,8
BRDA:6,2,1,10
BRDA:7,3,0,8
BRDA:7,3,1,8
BRDA:23,4,0,2
BRDA:23,4,1,2
BRDA:31,5,0,1
BRDA:31,5,1,1
BRDA:38,6,0,1
BRDA:38,6,1,0
BRDA:71,7,0,0
BRDA:71,7,1,2
BRDA:81,8,0,1
BRDA:81,8,1,1
BRF:19
BRH:17
end_of_record
TN:
SF:/home/richard/Documents/typescript-node-rest-starter/src/controllers/user.ctrl.ts
FN:2,(anonymous_0)
FN:3,(anonymous_1)
FN:4,fulfilled
FN:5,rejected
FN:6,step
FN:6,(anonymous_5)
FN:13,(anonymous_6)
FN:14,(anonymous_7)
FNF:8
FNH:7
FNDA:1,(anonymous_0)
FNDA:1,(anonymous_1)
FNDA:1,fulfilled
FNDA:0,rejected
FNDA:2,step
FNDA:1,(anonymous_5)
FNDA:1,(anonymous_6)
FNDA:1,(anonymous_7)
DA:2,1
DA:3,1
DA:4,1
DA:5,0
DA:6,2
DA:7,1
DA:10,1
DA:11,1
DA:14,1
DA:15,1
DA:16,1
DA:17,1
DA:20,0
DA:28,1
LF:14
LH:12
BRDA:2,0,0,1
BRDA:2,0,1,1
BRDA:2,0,2,1
BRDA:3,1,0,1
BRDA:3,1,1,1
BRDA:6,2,0,1
BRDA:6,2,1,1
BRDA:7,3,0,1
BRDA:7,3,1,1
BRF:9
BRH:9
end_of_record
TN:
SF:/home/richard/Documents/typescript-node-rest-starter/src/schemas/user.schema.ts
FN:25,save
FN:30,(anonymous_1)
FN:34,(anonymous_2)
FN:43,(anonymous_3)
FNF:4
FNH:3
FNDA:1,save
FNDA:1,(anonymous_1)
FNDA:1,(anonymous_2)
FNDA:0,(anonymous_3)
DA:2,1
DA:3,1
DA:4,1
DA:5,1
DA:6,1
DA:25,1
DA:26,1
DA:27,1
DA:28,0
DA:30,1
DA:31,1
DA:32,0
DA:34,1
DA:35,1
DA:36,0
DA:38,1
DA:39,1
DA:43,1
DA:44,0
DA:45,0
DA:47,1
DA:48,1
LF:22
LH:17
BRDA:27,0,0,0
BRDA:27,0,1,1
BRDA:31,1,0,0
BRDA:31,1,1,1
BRDA:35,2,0,0
BRDA:35,2,1,1
BRF:6
BRH:3
end_of_record
TN:
SF:/home/richard/Documents/typescript-node-rest-starter/src/services/user.srvc.ts
FN:2,(anonymous_0)
FN:3,(anonymous_1)
FN:4,fulfilled
FN:5,rejected
FN:6,step
FN:6,(anonymous_5)
FN:23,(anonymous_6)
FN:24,(anonymous_7)
FN:35,(anonymous_8)
FN:36,(anonymous_9)
FN:46,(anonymous_10)
FN:47,(anonymous_11)
FN:56,(anonymous_12)
FN:57,(anonymous_13)
FN:66,(anonymous_14)
FN:67,(anonymous_15)
FN:75,(anonymous_16)
FN:76,(anonymous_17)
FN:86,(anonymous_18)
FNF:19
FNH:18
FNDA:9,(anonymous_0)
FNDA:9,(anonymous_1)
FNDA:9,fulfilled
FNDA:0,rejected
FNDA:18,step
FNDA:9,(anonymous_5)
FNDA:2,(anonymous_6)
FNDA:2,(anonymous_7)
FNDA:2,(anonymous_8)
FNDA:2,(anonymous_9)
FNDA:1,(anonymous_10)
FNDA:1,(anonymous_11)
FNDA:2,(anonymous_12)
FNDA:2,(anonymous_13)
FNDA:1,(anonymous_14)
FNDA:1,(anonymous_15)
FNDA:1,(anonymous_16)
FNDA:1,(anonymous_17)
FNDA:1,(anonymous_18)
DA:2,1
DA:3,9
DA:4,9
DA:5,0
DA:6,18
DA:7,9
DA:10,1
DA:11,1
DA:12,1
DA:13,1
DA:24,2
DA:25,2
DA:26,2
DA:36,2
DA:37,2
DA:38,2
DA:47,1
DA:48,1
DA:57,2
DA:58,2
DA:59,2
DA:67,1
DA:68,1
DA:76,1
DA:77,1
DA:87,1
DA:88,1
DA:91,1
LF:28
LH:27
BRDA:2,0,0,1
BRDA:2,0,1,1
BRDA:2,0,2,1
BRDA:3,1,0,9
BRDA:3,1,1,9
BRDA:6,2,0,9
BRDA:6,2,1,9
BRDA:7,3,0,9
BRDA:7,3,1,9
BRF:9
BRH:9
end_of_record
